	.text
	.align 4,0x90
	.globl _not_unrolled
_not_unrolled:
LFB0:
	salq	$3, %rdi
	testq	%rdi, %rdi
	jle	L4
	xorl	%ecx, %ecx
	xorl	%eax, %eax
	.align 4,0x90
L3:
	movl	%esi, %r8d
	movl	%edx, %r9d
	andl	%ecx, %r8d
	sall	%cl, %r9d
	addq	$1, %rcx
	xorl	%r9d, %r8d
	addl	%r8d, %eax
	cmpq	%rdi, %rcx
	movl	%esi, %r8d
	movl	%edx, %r9d
	andl	%ecx, %r8d
	sall	%cl, %r9d
	addq	$1, %rcx
	xorl	%r9d, %r8d
	addl	%r8d, %eax
	cmpq	%rdi, %rcx
	movl	%esi, %r8d
	movl	%edx, %r9d
	andl	%ecx, %r8d
	sall	%cl, %r9d
	addq	$1, %rcx
	xorl	%r9d, %r8d
	addl	%r8d, %eax
	cmpq	%rdi, %rcx
	movl	%esi, %r8d
	movl	%edx, %r9d
	andl	%ecx, %r8d
	sall	%cl, %r9d
	addq	$1, %rcx
	xorl	%r9d, %r8d
	addl	%r8d, %eax
	cmpq	%rdi, %rcx
	movl	%esi, %r8d
	movl	%edx, %r9d
	andl	%ecx, %r8d
	sall	%cl, %r9d
	addq	$1, %rcx
	xorl	%r9d, %r8d
	addl	%r8d, %eax
	cmpq	%rdi, %rcx
	movl	%esi, %r8d
	movl	%edx, %r9d
	andl	%ecx, %r8d
	sall	%cl, %r9d
	addq	$1, %rcx
	xorl	%r9d, %r8d
	addl	%r8d, %eax
	cmpq	%rdi, %rcx
	movl	%esi, %r8d
	movl	%edx, %r9d
	andl	%ecx, %r8d
	sall	%cl, %r9d
	addq	$1, %rcx
	xorl	%r9d, %r8d
	addl	%r8d, %eax
	cmpq	%rdi, %rcx
	movl	%esi, %r8d
	movl	%edx, %r9d
	andl	%ecx, %r8d
	sall	%cl, %r9d
	addq	$1, %rcx
	xorl	%r9d, %r8d
	addl	%r8d, %eax
	cmpq	%rdi, %rcx
	ret
	.align 4,0x90
L4:
	xorl	%eax, %eax
	ret
LFE0:
	.section __TEXT,__eh_frame,coalesced,no_toc+strip_static_syms+live_support
EH_frame1:
	.set L$set$0,LECIE1-LSCIE1
	.long L$set$0
LSCIE1:
	.long	0
	.byte	0x1
	.ascii "zR\0"
	.byte	0x1
	.byte	0x78
	.byte	0x10
	.byte	0x1
	.byte	0x10
	.byte	0xc
	.byte	0x7
	.byte	0x8
	.byte	0x90
	.byte	0x1
	.align 3
LECIE1:
LSFDE1:
	.set L$set$1,LEFDE1-LASFDE1
	.long L$set$1
LASFDE1:
	.long	LASFDE1-EH_frame1
	.quad	LFB0-.
	.set L$set$2,LFE0-LFB0
	.quad L$set$2
	.byte	0
	.align 3
LEFDE1:
	.subsections_via_symbols
